Performing C++ SOURCE FILE Test CMAKE_HAVE_LIBC_PTHREAD failed with the following output:
Change Dir: /home/pi/ros_catkin_ws/build_isolated/class_loader/CMakeFiles/CMakeTmp

Run Build Command(s):/usr/bin/make cmTC_c62b5/fast && /usr/bin/make -f CMakeFiles/cmTC_c62b5.dir/build.make CMakeFiles/cmTC_c62b5.dir/build
make[1] : on entre dans le répertoire « /home/pi/ros_catkin_ws/build_isolated/class_loader/CMakeFiles/CMakeTmp »
Building CXX object CMakeFiles/cmTC_c62b5.dir/src.cxx.o
/usr/bin/c++    -DCMAKE_HAVE_LIBC_PTHREAD   -o CMakeFiles/cmTC_c62b5.dir/src.cxx.o -c /home/pi/ros_catkin_ws/build_isolated/class_loader/CMakeFiles/CMakeTmp/src.cxx
Linking CXX executable cmTC_c62b5
/usr/bin/cmake -E cmake_link_script CMakeFiles/cmTC_c62b5.dir/link.txt --verbose=1
/usr/bin/c++   -DCMAKE_HAVE_LIBC_PTHREAD    CMakeFiles/cmTC_c62b5.dir/src.cxx.o  -o cmTC_c62b5 
/usr/bin/ld: CMakeFiles/cmTC_c62b5.dir/src.cxx.o: in function `main':
src.cxx:(.text+0x40): undefined reference to `pthread_create'
/usr/bin/ld: src.cxx:(.text+0x4c): undefined reference to `pthread_detach'
/usr/bin/ld: src.cxx:(.text+0x5c): undefined reference to `pthread_join'
collect2: error: ld returned 1 exit status
make[1]: *** [CMakeFiles/cmTC_c62b5.dir/build.make:87: cmTC_c62b5] Error 1
make[1] : on quitte le répertoire « /home/pi/ros_catkin_ws/build_isolated/class_loader/CMakeFiles/CMakeTmp »
make: *** [Makefile:121: cmTC_c62b5/fast] Error 2


Source file was:
#include <pthread.h>

void* test_func(void* data)
{
  return data;
}

int main(void)
{
  pthread_t thread;
  pthread_create(&thread, NULL, test_func, NULL);
  pthread_detach(thread);
  pthread_join(thread, NULL);
  pthread_atfork(NULL, NULL, NULL);
  pthread_exit(NULL);

  return 0;
}

Determining if the function pthread_create exists in the pthreads failed with the following output:
Change Dir: /home/pi/ros_catkin_ws/build_isolated/class_loader/CMakeFiles/CMakeTmp

Run Build Command(s):/usr/bin/make cmTC_7797a/fast && /usr/bin/make -f CMakeFiles/cmTC_7797a.dir/build.make CMakeFiles/cmTC_7797a.dir/build
make[1] : on entre dans le répertoire « /home/pi/ros_catkin_ws/build_isolated/class_loader/CMakeFiles/CMakeTmp »
Building CXX object CMakeFiles/cmTC_7797a.dir/CheckFunctionExists.cxx.o
/usr/bin/c++    -DCHECK_FUNCTION_EXISTS=pthread_create   -o CMakeFiles/cmTC_7797a.dir/CheckFunctionExists.cxx.o -c /home/pi/ros_catkin_ws/build_isolated/class_loader/CMakeFiles/CheckLibraryExists/CheckFunctionExists.cxx
Linking CXX executable cmTC_7797a
/usr/bin/cmake -E cmake_link_script CMakeFiles/cmTC_7797a.dir/link.txt --verbose=1
/usr/bin/c++   -DCHECK_FUNCTION_EXISTS=pthread_create    CMakeFiles/cmTC_7797a.dir/CheckFunctionExists.cxx.o  -o cmTC_7797a  -lpthreads 
/usr/bin/ld : ne peut trouver -lpthreads
collect2: error: ld returned 1 exit status
make[1]: *** [CMakeFiles/cmTC_7797a.dir/build.make:87: cmTC_7797a] Error 1
make[1] : on quitte le répertoire « /home/pi/ros_catkin_ws/build_isolated/class_loader/CMakeFiles/CMakeTmp »
make: *** [Makefile:121: cmTC_7797a/fast] Error 2



