Performing C SOURCE FILE Test CMAKE_HAVE_LIBC_PTHREAD failed with the following output:
Change Dir: /home/pi/ros_catkin_ws/build_isolated/cpp_common/CMakeFiles/CMakeTmp

Run Build Command(s):/usr/bin/make cmTC_c4037/fast && /usr/bin/make -f CMakeFiles/cmTC_c4037.dir/build.make CMakeFiles/cmTC_c4037.dir/build
make[1] : on entre dans le répertoire « /home/pi/ros_catkin_ws/build_isolated/cpp_common/CMakeFiles/CMakeTmp »
Building C object CMakeFiles/cmTC_c4037.dir/src.c.o
/usr/bin/cc   -DCMAKE_HAVE_LIBC_PTHREAD   -o CMakeFiles/cmTC_c4037.dir/src.c.o   -c /home/pi/ros_catkin_ws/build_isolated/cpp_common/CMakeFiles/CMakeTmp/src.c
Linking C executable cmTC_c4037
/usr/bin/cmake -E cmake_link_script CMakeFiles/cmTC_c4037.dir/link.txt --verbose=1
/usr/bin/cc  -DCMAKE_HAVE_LIBC_PTHREAD    -rdynamic CMakeFiles/cmTC_c4037.dir/src.c.o  -o cmTC_c4037 
/usr/bin/ld: CMakeFiles/cmTC_c4037.dir/src.c.o: in function `main':
src.c:(.text+0x40): undefined reference to `pthread_create'
/usr/bin/ld: src.c:(.text+0x4c): undefined reference to `pthread_detach'
/usr/bin/ld: src.c:(.text+0x5c): undefined reference to `pthread_join'
collect2: error: ld returned 1 exit status
make[1]: *** [CMakeFiles/cmTC_c4037.dir/build.make:87: cmTC_c4037] Error 1
make[1] : on quitte le répertoire « /home/pi/ros_catkin_ws/build_isolated/cpp_common/CMakeFiles/CMakeTmp »
make: *** [Makefile:121: cmTC_c4037/fast] Error 2


Source file was:
#include <pthread.h>

void* test_func(void* data)
{
  return data;
}

int main(void)
{
  pthread_t thread;
  pthread_create(&thread, NULL, test_func, NULL);
  pthread_detach(thread);
  pthread_join(thread, NULL);
  pthread_atfork(NULL, NULL, NULL);
  pthread_exit(NULL);

  return 0;
}

Determining if the function pthread_create exists in the pthreads failed with the following output:
Change Dir: /home/pi/ros_catkin_ws/build_isolated/cpp_common/CMakeFiles/CMakeTmp

Run Build Command(s):/usr/bin/make cmTC_400ad/fast && /usr/bin/make -f CMakeFiles/cmTC_400ad.dir/build.make CMakeFiles/cmTC_400ad.dir/build
make[1] : on entre dans le répertoire « /home/pi/ros_catkin_ws/build_isolated/cpp_common/CMakeFiles/CMakeTmp »
Building C object CMakeFiles/cmTC_400ad.dir/CheckFunctionExists.c.o
/usr/bin/cc   -DCHECK_FUNCTION_EXISTS=pthread_create   -o CMakeFiles/cmTC_400ad.dir/CheckFunctionExists.c.o   -c /usr/share/cmake-3.16/Modules/CheckFunctionExists.c
Linking C executable cmTC_400ad
/usr/bin/cmake -E cmake_link_script CMakeFiles/cmTC_400ad.dir/link.txt --verbose=1
/usr/bin/cc  -DCHECK_FUNCTION_EXISTS=pthread_create    -rdynamic CMakeFiles/cmTC_400ad.dir/CheckFunctionExists.c.o  -o cmTC_400ad  -lpthreads 
/usr/bin/ld : ne peut trouver -lpthreads
collect2: error: ld returned 1 exit status
make[1]: *** [CMakeFiles/cmTC_400ad.dir/build.make:87: cmTC_400ad] Error 1
make[1] : on quitte le répertoire « /home/pi/ros_catkin_ws/build_isolated/cpp_common/CMakeFiles/CMakeTmp »
make: *** [Makefile:121: cmTC_400ad/fast] Error 2



